This is pdfTeX, Version 3.14159265-2.6-1.40.18 (TeX Live 2017/Debian) (preloaded format=pdflatex 2017.12.12)  29 DEC 2017 10:47
entering extended mode
 restricted \write18 enabled.
 %&-line parsing enabled.
**inst447-syllabus.tex
(./inst447-syllabus.tex
LaTeX2e <2017-04-15>
Babel <3.12> and hyphenation patterns for 7 language(s) loaded.
(/usr/share/texlive/texmf-dist/tex/latex/base/article.cls
Document Class: article 2014/09/29 v1.4h Standard LaTeX document class
(/usr/share/texlive/texmf-dist/tex/latex/base/size10.clo
File: size10.clo 2014/09/29 v1.4h Standard LaTeX file (size option)
)
\c@part=\count79
\c@section=\count80
\c@subsection=\count81
\c@subsubsection=\count82
\c@paragraph=\count83
\c@subparagraph=\count84
\c@figure=\count85
\c@table=\count86
\abovecaptionskip=\skip41
\belowcaptionskip=\skip42
\bibindent=\dimen102
)
(/usr/share/texlive/texmf-dist/tex/latex/fancyhdr/fancyhdr.sty
Package: fancyhdr 2017/06/30 v3.9a Extensive control of page headers and footer
s
\f@nch@headwidth=\skip43
\f@nch@O@elh=\skip44
\f@nch@O@erh=\skip45
\f@nch@O@olh=\skip46
\f@nch@O@orh=\skip47
\f@nch@O@elf=\skip48
\f@nch@O@erf=\skip49
\f@nch@O@olf=\skip50
\f@nch@O@orf=\skip51
)
(/usr/share/texlive/texmf-dist/tex/latex/termcal/termcal.sty
Package: termcal 1997/01/11 1.8 Latex2e package to print a Term calendar

(/usr/share/texlive/texmf-dist/tex/latex/tools/longtable.sty
Package: longtable 2014/10/28 v4.11 Multi-page Table package (DPC)
\LTleft=\skip52
\LTright=\skip53
\LTpre=\skip54
\LTpost=\skip55
\LTchunksize=\count87
\LTcapwidth=\dimen103
\LT@head=\box26
\LT@firsthead=\box27
\LT@foot=\box28
\LT@lastfoot=\box29
\LT@cols=\count88
\LT@rows=\count89
\c@LT@tables=\count90
\c@LT@chunks=\count91
\LT@p@ftn=\toks14
)
(/usr/share/texlive/texmf-dist/tex/latex/base/ifthen.sty
Package: ifthen 2014/09/29 v1.1c Standard LaTeX ifthen package (DPC)
)
\calboxdepth=\skip56
\calwidth=\skip57
\ca@boxwidth=\skip58
\c@ca@dpw=\count92
\c@ca@numwks=\count93
\c@ca@wknum=\count94
\ca@doaweek=\toks15
\ca@doweeks=\toks16
\ca@colhead=\toks17
\c@classnum=\count95
\weeklytext=\toks18
\c@textdaycount=\count96
\c@date=\count97
\c@month=\count98
\c@year=\count99
)
(./inst447-syllabus.aux)
\openout1 = `inst447-syllabus.aux'.

LaTeX Font Info:    Checking defaults for OML/cmm/m/it on input line 37.
LaTeX Font Info:    ... okay on input line 37.
LaTeX Font Info:    Checking defaults for T1/cmr/m/n on input line 37.
LaTeX Font Info:    ... okay on input line 37.
LaTeX Font Info:    Checking defaults for OT1/cmr/m/n on input line 37.
LaTeX Font Info:    ... okay on input line 37.
LaTeX Font Info:    Checking defaults for OMS/cmsy/m/n on input line 37.
LaTeX Font Info:    ... okay on input line 37.
LaTeX Font Info:    Checking defaults for OMX/cmex/m/n on input line 37.
LaTeX Font Info:    ... okay on input line 37.
LaTeX Font Info:    Checking defaults for U/cmr/m/n on input line 37.
LaTeX Font Info:    ... okay on input line 37.

Overfull \hbox (4.44443pt too wide) in paragraph at lines 75--75
[]|  []
 []


Overfull \hbox (26.16231pt too wide) in paragraph at lines 75--75
\OT1/cmr/bx/n/10 Class[] 
 []


Overfull \hbox (4.44443pt too wide) in paragraph at lines 75--75
[]|  []
 []


Overfull \hbox (4.44443pt too wide) in paragraph at lines 75--75
[]|  []
 []


Overfull \hbox (4.44443pt too wide) in paragraph at lines 75--75
[]|  []
 []


Overfull \hbox (4.44443pt too wide) in paragraph at lines 75--75
[]|  []
 []


Overfull \hbox (4.44443pt too wide) in paragraph at lines 75--75
[]|  []
 []


Overfull \hbox (4.44443pt too wide) in paragraph at lines 75--75
[]|  []
 []


Overfull \hbox (4.44443pt too wide) in paragraph at lines 75--75
[]|  []
 []


Overfull \hbox (4.44443pt too wide) in paragraph at lines 75--75
[]|  []
 []


Overfull \hbox (4.44443pt too wide) in paragraph at lines 75--75
[]|  []
 []


Overfull \hbox (4.44443pt too wide) in paragraph at lines 75--75
[]|  []
 []


Overfull \hbox (4.44443pt too wide) in paragraph at lines 75--75
[]|  []
 []


Overfull \hbox (4.44443pt too wide) in paragraph at lines 75--75
[]|  []
 []


Overfull \hbox (4.44443pt too wide) in paragraph at lines 75--75
[]|  []
 []


Overfull \hbox (6.66664pt too wide) in paragraph at lines 75--75
[]|   []
 []


Overfull \hbox (4.44443pt too wide) in paragraph at lines 75--75
[]|  []
 []


Overfull \hbox (26.16231pt too wide) in paragraph at lines 75--75
\OT1/cmr/bx/n/10 Class[] 
 []


Overfull \hbox (4.44443pt too wide) in paragraph at lines 75--75
[]|  []
 []


Underfull \vbox (badness 10000) detected at line 75
 []

[1{/var/lib/texmf/fonts/map/pdftex/updmap/pdftex.map}

] [2]
(./inst447-syllabus.aux) ) 
Here is how much of TeX's memory you used:
 728 strings out of 494855
 8270 string characters out of 6179188
 74310 words of memory out of 5000000
 4112 multiletter control sequences out of 15000+600000
 4557 words of font info for 17 fonts, out of 8000000 for 9000
 59 hyphenation exceptions out of 8191
 23i,13n,43p,155b,413s stack positions out of 5000i,500n,10000p,200000b,80000s
</usr/share/texlive/texmf-dist/fonts/type1/public/ams
fonts/cm/cmbx10.pfb></usr/share/texlive/texmf-dist/fonts/type1/public/amsfonts/
cm/cmbx9.pfb></usr/share/texlive/texmf-dist/fonts/type1/public/amsfonts/cm/cmcs
c10.pfb></usr/share/texlive/texmf-dist/fonts/type1/public/amsfonts/cm/cmr10.pfb
>
Output written on inst447-syllabus.pdf (2 pages, 50442 bytes).
PDF statistics:
 27 PDF objects out of 1000 (max. 8388607)
 18 compressed objects within 1 object stream
 0 named destinations out of 1000 (max. 500000)
 1 words of extra memory for PDF output out of 10000 (max. 10000000)

